{
  "0 debug pnpm:scope": {
    "selected": 1
  },
  "1 error pnpm": {
    "errno": 1,
    "code": "ELIFECYCLE",
    "pkgid": "spring-react@0.1.0",
    "stage": "start",
    "script": "react-scripts start",
    "pkgname": "spring-react",
    "err": {
      "name": "pnpm",
      "message": "spring-react@0.1.0 start: `react-scripts start`\nExit status 1",
      "code": "ELIFECYCLE",
      "stack": "pnpm: spring-react@0.1.0 start: `react-scripts start`\nExit status 1\n    at EventEmitter.<anonymous> (C:\\Users\\Administrator\\AppData\\Roaming\\npm\\pnpm-global\\5\\node_modules\\.pnpm\\pnpm@6.16.0\\node_modules\\pnpm\\dist\\pnpm.cjs:104931:20)\n    at EventEmitter.emit (node:events:394:28)\n    at ChildProcess.<anonymous> (C:\\Users\\Administrator\\AppData\\Roaming\\npm\\pnpm-global\\5\\node_modules\\.pnpm\\pnpm@6.16.0\\node_modules\\pnpm\\dist\\pnpm.cjs:92920:18)\n    at ChildProcess.emit (node:events:394:28)\n    at maybeClose (node:internal/child_process:1064:16)\n    at Process.ChildProcess._handle.onexit (node:internal/child_process:301:5)"
    }
  },
  "2 warn pnpm:global": " Local package.json exists, but node_modules missing, did you mean to install?"
}